# JRE version: OpenJDK Runtime Environment Temurin-17.0.3+7 (17.0.3+7) (build 17.0.3+7)
# Java VM: OpenJDK 64-Bit Server VM Temurin-17.0.3+7 (17.0.3+7, mixed mode, emulated-client, tiered, compressed oops, compressed class ptrs, g1 gc, windows-amd64)
GC Precious Log:
 CPUs: 4 total, 4 available
 Memory: 8070M
 Large Page Support: Disabled
 NUMA Support: Disabled
 Compressed Oops: Enabled (32-bit)
 Heap Region Size: 1M
 Heap Min Capacity: 8M
 Heap Initial Capacity: 128M
 Heap Max Capacity: 2018M
 Pre-touch: Disabled
 Parallel Workers: 4
 Concurrent Workers: 1
 Concurrent Refinement Workers: 4
 Periodic GC: Disabled
Heap:
 garbage-first heap   total 78848K, used 23272K [0x0000000081e00000, 0x0000000100000000)
  region size 1024K, 1 young (1024K), 0 survivors (0K)
 Metaspace       used 42162K, committed 42432K, reserved 1089536K
  class space    used 5912K, committed 6016K, reserved 1048576K
GC Heap History (20 events):
Event: 71413.091 GC heap before
{Heap before GC invocations=2433 (full 2395):
 garbage-first heap   total 78848K, used 23272K [0x0000000081e00000, 0x0000000100000000)
  region size 1024K, 1 young (1024K), 0 survivors (0K)
 Metaspace       used 42162K, committed 42432K, reserved 1089536K
  class space    used 5912K, committed 6016K, reserved 1048576K
}
Event: 71413.140 GC heap after
{Heap after GC invocations=2434 (full 2396):
 garbage-first heap   total 78848K, used 23272K [0x0000000081e00000, 0x0000000100000000)
  region size 1024K, 0 young (0K), 0 survivors (0K)
 Metaspace       used 42162K, committed 42432K, reserved 1089536K
  class space    used 5912K, committed 6016K, reserved 1048576K
}
Event: 71423.635 GC heap before
{Heap before GC invocations=2434 (full 2396):
 garbage-first heap   total 78848K, used 23272K [0x0000000081e00000, 0x0000000100000000)
  region size 1024K, 1 young (1024K), 0 survivors (0K)
 Metaspace       used 42162K, committed 42432K, reserved 1089536K
  class space    used 5912K, committed 6016K, reserved 1048576K
}
Event: 71423.694 GC heap after
{Heap after GC invocations=2435 (full 2397):
 garbage-first heap   total 78848K, used 23272K [0x0000000081e00000, 0x0000000100000000)
  region size 1024K, 0 young (0K), 0 survivors (0K)
 Metaspace       used 42162K, committed 42432K, reserved 1089536K
  class space    used 5912K, committed 6016K, reserved 1048576K
}
Event: 71434.213 GC heap before
{Heap before GC invocations=2435 (full 2397):
 garbage-first heap   total 78848K, used 23272K [0x0000000081e00000, 0x0000000100000000)
  region size 1024K, 1 young (1024K), 0 survivors (0K)
 Metaspace       used 42162K, committed 42432K, reserved 1089536K
  class space    used 5912K, committed 6016K, reserved 1048576K
}
Event: 71434.286 GC heap after
{Heap after GC invocations=2436 (full 2398):
 garbage-first heap   total 78848K, used 23272K [0x0000000081e00000, 0x0000000100000000)
  region size 1024K, 0 young (0K), 0 survivors (0K)
 Metaspace       used 42162K, committed 42432K, reserved 1089536K
  class space    used 5912K, committed 6016K, reserved 1048576K
}
Event: 71444.778 GC heap before
{Heap before GC invocations=2436 (full 2398):
 garbage-first heap   total 78848K, used 23272K [0x0000000081e00000, 0x0000000100000000)
  region size 1024K, 1 young (1024K), 0 survivors (0K)
 Metaspace       used 42162K, committed 42432K, reserved 1089536K
  class space    used 5912K, committed 6016K, reserved 1048576K
}
Event: 71444.839 GC heap after
{Heap after GC invocations=2437 (full 2399):
 garbage-first heap   total 78848K, used 23272K [0x0000000081e00000, 0x0000000100000000)
  region size 1024K, 0 young (0K), 0 survivors (0K)
 Metaspace       used 42162K, committed 42432K, reserved 1089536K
  class space    used 5912K, committed 6016K, reserved 1048576K
}
Event: 71455.837 GC heap before
{Heap before GC invocations=2437 (full 2399):
 garbage-first heap   total 78848K, used 23272K [0x0000000081e00000, 0x0000000100000000)
  region size 1024K, 1 young (1024K), 0 survivors (0K)
 Metaspace       used 42162K, committed 42432K, reserved 1089536K
  class space    used 5912K, committed 6016K, reserved 1048576K
}
Event: 71455.900 GC heap after
{Heap after GC invocations=2438 (full 2400):
 garbage-first heap   total 78848K, used 23272K [0x0000000081e00000, 0x0000000100000000)
  region size 1024K, 0 young (0K), 0 survivors (0K)
 Metaspace       used 42162K, committed 42432K, reserved 1089536K
  class space    used 5912K, committed 6016K, reserved 1048576K
}
Event: 71466.593 GC heap before
{Heap before GC invocations=2438 (full 2400):
 garbage-first heap   total 78848K, used 23272K [0x0000000081e00000, 0x0000000100000000)
  region size 1024K, 1 young (1024K), 0 survivors (0K)
 Metaspace       used 42162K, committed 42432K, reserved 1089536K
  class space    used 5912K, committed 6016K, reserved 1048576K
}
Event: 71466.653 GC heap after
{Heap after GC invocations=2439 (full 2401):
 garbage-first heap   total 78848K, used 23272K [0x0000000081e00000, 0x0000000100000000)
  region size 1024K, 0 young (0K), 0 survivors (0K)
 Metaspace       used 42162K, committed 42432K, reserved 1089536K
  class space    used 5912K, committed 6016K, reserved 1048576K
}
Event: 71477.242 GC heap before
{Heap before GC invocations=2439 (full 2401):
 garbage-first heap   total 78848K, used 23272K [0x0000000081e00000, 0x0000000100000000)
  region size 1024K, 1 young (1024K), 0 survivors (0K)
 Metaspace       used 42162K, committed 42432K, reserved 1089536K
  class space    used 5912K, committed 6016K, reserved 1048576K
}
Event: 71477.302 GC heap after
{Heap after GC invocations=2440 (full 2402):
 garbage-first heap   total 78848K, used 23272K [0x0000000081e00000, 0x0000000100000000)
  region size 1024K, 0 young (0K), 0 survivors (0K)
 Metaspace       used 42162K, committed 42432K, reserved 1089536K
  class space    used 5912K, committed 6016K, reserved 1048576K
}
Event: 71487.832 GC heap before
{Heap before GC invocations=2440 (full 2402):
 garbage-first heap   total 78848K, used 23272K [0x0000000081e00000, 0x0000000100000000)
  region size 1024K, 1 young (1024K), 0 survivors (0K)
 Metaspace       used 42162K, committed 42432K, reserved 1089536K
  class space    used 5912K, committed 6016K, reserved 1048576K
}
Event: 71487.903 GC heap after
{Heap after GC invocations=2441 (full 2403):
 garbage-first heap   total 78848K, used 23272K [0x0000000081e00000, 0x0000000100000000)
  region size 1024K, 0 young (0K), 0 survivors (0K)
 Metaspace       used 42162K, committed 42432K, reserved 1089536K
  class space    used 5912K, committed 6016K, reserved 1048576K
}
Event: 71498.618 GC heap before
{Heap before GC invocations=2441 (full 2403):
 garbage-first heap   total 78848K, used 23272K [0x0000000081e00000, 0x0000000100000000)
  region size 1024K, 1 young (1024K), 0 survivors (0K)
 Metaspace       used 42162K, committed 42432K, reserved 1089536K
  class space    used 5912K, committed 6016K, reserved 1048576K
}
Event: 71498.686 GC heap after
{Heap after GC invocations=2442 (full 2404):
 garbage-first heap   total 78848K, used 23272K [0x0000000081e00000, 0x0000000100000000)
  region size 1024K, 0 young (0K), 0 survivors (0K)
 Metaspace       used 42162K, committed 42432K, reserved 1089536K
  class space    used 5912K, committed 6016K, reserved 1048576K
}
Event: 71509.547 GC heap before
{Heap before GC invocations=2442 (full 2404):
 garbage-first heap   total 78848K, used 23272K [0x0000000081e00000, 0x0000000100000000)
  region size 1024K, 1 young (1024K), 0 survivors (0K)
 Metaspace       used 42162K, committed 42432K, reserved 1089536K
  class space    used 5912K, committed 6016K, reserved 1048576K
}
Event: 71509.615 GC heap after
{Heap after GC invocations=2443 (full 2405):
 garbage-first heap   total 78848K, used 23272K [0x0000000081e00000, 0x0000000100000000)
  region size 1024K, 0 young (0K), 0 survivors (0K)
 Metaspace       used 42162K, committed 42432K, reserved 1089536K
  class space    used 5912K, committed 6016K, reserved 1048576K
}

